<?xml version="1.0" encoding="UTF-8"?>
<!-- Generated by org.testng.reporters.JUnitXMLReporter -->
<testsuite ignored="0" hostname="DESKTOP-SL7JA35" failures="0" tests="5" name="Surefire test" time="13.234" errors="0" timestamp="2024-06-30T11:24:16 AEST">
  <testcase classname="tests.SampleTest" name="navigate_to_JPetStore_SignIn_page" time="3.345"/>
  <testcase classname="tests.SampleTest" name="enter_user_credential_and_login" time="1.271"/>
  <testcase classname="tests.SampleTest" name="verifyHomePage" time="0.041"/>
  <testcase classname="tests.SampleWebTest" name="testChrome" time="1.978"/>
  <testcase classname="tests.SampleWebTest" name="performSearch" time="2.587"/>
</testsuite> <!-- Surefire test -->
