<?xml version="1.0" encoding="UTF-8"?>
<!-- Generated by org.testng.reporters.JUnitXMLReporter -->
<testsuite ignored="0" hostname="DESKTOP-SL7JA35" failures="0" tests="5" name="Test" time="17.274" errors="0" timestamp="2024-07-04T15:54:32 AEST">
  <testcase classname="tests.SampleTest_1" name="navigate_to_JPetStore_SignIn_page" time="3.488"/>
  <testcase classname="tests.SampleTest_1" name="enter_user_credential_and_login" time="0.822"/>
  <testcase classname="tests.SampleTest_1" name="verifyHomePage" time="0.717"/>
  <testcase classname="tests.SampleTest_2" name="navigate_to_JPetStore_SignIn_page" time="4.867"/>
  <testcase classname="tests.SampleTest_2" name="navigate_to_JPetStore_SignIn_page" time="2.578"/>
</testsuite> <!-- Test -->
