<?xml version="1.0" encoding="UTF-8"?>
<!-- Generated by org.testng.reporters.JUnitXMLReporter -->
<testsuite ignored="0" hostname="DESKTOP-SL7JA35" failures="0" tests="5" name="Test" time="64.207" errors="0" timestamp="2024-07-04T14:22:25 AEST">
  <testcase classname="tests.SampleTest_1" name="navigate_to_JPetStore_SignIn_page" time="3.654"/>
  <testcase classname="tests.SampleTest_1" name="enter_user_credential_and_login" time="0.813"/>
  <testcase classname="tests.SampleTest_1" name="verifyHomePage" time="0.707"/>
  <testcase classname="tests.SampleTest_2" name="navigate_to_JPetStore_SignIn_page" time="4.566"/>
  <testcase classname="tests.SampleTest_2" name="navigate_to_JPetStore_SignIn_page" time="2.515"/>
</testsuite> <!-- Test -->
