<?xml version="1.0" encoding="UTF-8"?>
<testng-results ignored="0" total="5" passed="5" failed="0" skipped="0">
  <reporter-output>
  </reporter-output>
  <suite started-at="2024-06-30T11:32:21 AEST" name="Suite" finished-at="2024-06-30T11:32:30 AEST" duration-ms="9147">
    <groups>
      <group name="Smoke">
        <method signature="SampleWebTest.testChrome()[pri:1, instance:tests.SampleWebTest@68c9d179]" name="testChrome" class="tests.SampleWebTest"/>
        <method signature="SampleWebTest.performSearch()[pri:2, instance:tests.SampleWebTest@68c9d179]" name="performSearch" class="tests.SampleWebTest"/>
      </group> <!-- Smoke -->
    </groups>
    <test started-at="2024-06-30T11:32:21 AEST" name="Test" finished-at="2024-06-30T11:32:30 AEST" duration-ms="9147">
      <class name="tests.SampleWebTest">
        <test-method is-config="true" signature="initialzeDriver()[pri:0, instance:tests.SampleWebTest@68c9d179]" started-at="2024-06-30T11:32:21 AEST" name="initialzeDriver" finished-at="2024-06-30T11:32:23 AEST" duration-ms="2762" status="PASS">
          <reporter-output>
          </reporter-output>
        </test-method> <!-- initialzeDriver -->
        <test-method signature="testChrome()[pri:1, instance:tests.SampleWebTest@68c9d179]" started-at="2024-06-30T11:32:23 AEST" name="testChrome" finished-at="2024-06-30T11:32:25 AEST" duration-ms="1769" status="PASS">
          <reporter-output>
          </reporter-output>
        </test-method> <!-- testChrome -->
        <test-method signature="performSearch()[pri:2, instance:tests.SampleWebTest@68c9d179]" started-at="2024-06-30T11:32:25 AEST" name="performSearch" finished-at="2024-06-30T11:32:28 AEST" duration-ms="2811" status="PASS">
          <reporter-output>
          </reporter-output>
        </test-method> <!-- performSearch -->
        <test-method is-config="true" signature="tearDown()[pri:0, instance:tests.SampleWebTest@68c9d179]" started-at="2024-06-30T11:32:28 AEST" name="tearDown" finished-at="2024-06-30T11:32:30 AEST" duration-ms="1223" status="PASS">
          <reporter-output>
          </reporter-output>
        </test-method> <!-- tearDown -->
      </class> <!-- tests.SampleWebTest -->
    </test> <!-- Test -->
  </suite> <!-- Suite -->
  <suite started-at="2024-06-30T11:32:31 AEST" name="Suite (0)" finished-at="2024-06-30T11:32:37 AEST" duration-ms="6811">
    <groups>
    </groups>
    <test started-at="2024-06-30T11:32:31 AEST" name="Test" finished-at="2024-06-30T11:32:37 AEST" duration-ms="6811">
      <class name="tests.SampleTest">
        <test-method is-config="true" signature="initialzeDriver()[pri:0, instance:tests.SampleTest@7486b455]" started-at="2024-06-30T11:32:31 AEST" name="initialzeDriver" finished-at="2024-06-30T11:32:32 AEST" duration-ms="1437" status="PASS">
          <reporter-output>
          </reporter-output>
        </test-method> <!-- initialzeDriver -->
        <test-method signature="navigate_to_JPetStore_SignIn_page()[pri:1, instance:tests.SampleTest@7486b455]" started-at="2024-06-30T11:32:32 AEST" name="navigate_to_JPetStore_SignIn_page" finished-at="2024-06-30T11:32:35 AEST" duration-ms="3522" status="PASS">
          <reporter-output>
          </reporter-output>
        </test-method> <!-- navigate_to_JPetStore_SignIn_page -->
        <test-method signature="enter_user_credential_and_login()[pri:2, instance:tests.SampleTest@7486b455]" started-at="2024-06-30T11:32:36 AEST" name="enter_user_credential_and_login" finished-at="2024-06-30T11:32:37 AEST" duration-ms="1198" status="PASS">
          <reporter-output>
          </reporter-output>
        </test-method> <!-- enter_user_credential_and_login -->
        <test-method signature="verifyHomePage()[pri:3, instance:tests.SampleTest@7486b455]" started-at="2024-06-30T11:32:37 AEST" name="verifyHomePage" finished-at="2024-06-30T11:32:37 AEST" duration-ms="28" status="PASS">
          <reporter-output>
          </reporter-output>
        </test-method> <!-- verifyHomePage -->
        <test-method is-config="true" signature="tearDown()[pri:0, instance:tests.SampleTest@7486b455]" started-at="2024-06-30T11:32:37 AEST" name="tearDown" finished-at="2024-06-30T11:32:37 AEST" duration-ms="142" status="PASS">
          <reporter-output>
          </reporter-output>
        </test-method> <!-- tearDown -->
      </class> <!-- tests.SampleTest -->
    </test> <!-- Test -->
  </suite> <!-- Suite (0) -->
</testng-results>
