<?xml version="1.0" encoding="UTF-8"?>
<!-- Generated by org.testng.reporters.JUnitXMLReporter -->
<testsuite ignored="0" hostname="DESKTOP-SL7JA35" failures="0" tests="3" name="Test" time="6.811" errors="0" timestamp="2024-06-30T11:32:37 AEST">
  <testcase classname="tests.SampleTest" name="navigate_to_JPetStore_SignIn_page" time="3.522"/>
  <testcase classname="tests.SampleTest" name="enter_user_credential_and_login" time="1.198"/>
  <testcase classname="tests.SampleTest" name="verifyHomePage" time="0.028"/>
</testsuite> <!-- Test -->
