<?xml version="1.0" encoding="UTF-8"?>
<testng-results ignored="0" total="2" passed="2" failed="0" skipped="0">
  <reporter-output>
  </reporter-output>
  <suite started-at="2024-07-04T12:38:10 AEST" name="Suite" finished-at="2024-07-04T12:38:15 AEST" duration-ms="4799">
    <groups>
      <group name="Smoke">
        <method signature="SampleWebGoogleTest.testChrome()[pri:1, instance:tests.SampleWebGoogleTest@24111ef1]" name="testChrome" class="tests.SampleWebGoogleTest"/>
        <method signature="SampleWebGoogleTest.performSearch()[pri:2, instance:tests.SampleWebGoogleTest@24111ef1]" name="performSearch" class="tests.SampleWebGoogleTest"/>
      </group> <!-- Smoke -->
    </groups>
    <test started-at="2024-07-04T12:38:10 AEST" name="Test" finished-at="2024-07-04T12:38:15 AEST" duration-ms="4799">
      <class name="tests.SampleWebGoogleTest">
        <test-method is-config="true" signature="initialzeDriver()[pri:0, instance:tests.SampleWebGoogleTest@24111ef1]" started-at="2024-07-04T12:38:10 AEST" name="initialzeDriver" finished-at="2024-07-04T12:38:11 AEST" duration-ms="1366" status="PASS">
          <reporter-output>
          </reporter-output>
        </test-method> <!-- initialzeDriver -->
        <test-method signature="testChrome()[pri:1, instance:tests.SampleWebGoogleTest@24111ef1]" started-at="2024-07-04T12:38:11 AEST" name="testChrome" finished-at="2024-07-04T12:38:13 AEST" duration-ms="1592" status="PASS">
          <reporter-output>
          </reporter-output>
        </test-method> <!-- testChrome -->
        <test-method signature="performSearch()[pri:2, instance:tests.SampleWebGoogleTest@24111ef1]" started-at="2024-07-04T12:38:13 AEST" name="performSearch" finished-at="2024-07-04T12:38:15 AEST" duration-ms="1418" status="PASS">
          <reporter-output>
          </reporter-output>
        </test-method> <!-- performSearch -->
        <test-method is-config="true" signature="tearDown()[pri:0, instance:tests.SampleWebGoogleTest@24111ef1]" started-at="2024-07-04T12:38:15 AEST" name="tearDown" finished-at="2024-07-04T12:38:15 AEST" duration-ms="136" status="PASS">
          <reporter-output>
          </reporter-output>
        </test-method> <!-- tearDown -->
      </class> <!-- tests.SampleWebGoogleTest -->
    </test> <!-- Test -->
  </suite> <!-- Suite -->
</testng-results>
